# JRE version: Java(TM) SE Runtime Environment 18.9 (11.0.11+9) (build 11.0.11+9-LTS-194)
# Java VM: Java HotSpot(TM) 64-Bit Server VM 18.9 (11.0.11+9-LTS-194, mixed mode, tiered, compressed oops, g1 gc, windows-amd64)
Heap:
 garbage-first heap   total 522240K, used 230275K [0x0000000603e00000, 0x0000000800000000)
  region size 2048K, 111 young (227328K), 13 survivors (26624K)
 Metaspace       used 58367K, capacity 60128K, committed 60240K, reserved 1101824K
  class space    used 6876K, capacity 7622K, committed 7680K, reserved 1048576K
GC Heap History (10 events):
Event: 0.690 GC heap before
{Heap before GC invocations=0 (full 0):
 garbage-first heap   total 522240K, used 24576K [0x0000000603e00000, 0x0000000800000000)
  region size 2048K, 12 young (24576K), 0 survivors (0K)
 Metaspace       used 10387K, capacity 10545K, committed 10880K, reserved 1058816K
  class space    used 972K, capacity 1027K, committed 1152K, reserved 1048576K
}
Event: 0.694 GC heap after
{Heap after GC invocations=1 (full 0):
 garbage-first heap   total 522240K, used 7668K [0x0000000603e00000, 0x0000000800000000)
  region size 2048K, 2 young (4096K), 2 survivors (4096K)
 Metaspace       used 10387K, capacity 10545K, committed 10880K, reserved 1058816K
  class space    used 972K, capacity 1027K, committed 1152K, reserved 1048576K
}
Event: 1.493 GC heap before
{Heap before GC invocations=1 (full 0):
 garbage-first heap   total 522240K, used 56820K [0x0000000603e00000, 0x0000000800000000)
  region size 2048K, 27 young (55296K), 2 survivors (4096K)
 Metaspace       used 20781K, capacity 21227K, committed 21296K, reserved 1069056K
  class space    used 2221K, capacity 2428K, committed 2432K, reserved 1048576K
}
Event: 1.500 GC heap after
{Heap after GC invocations=2 (full 0):
 garbage-first heap   total 522240K, used 10909K [0x0000000603e00000, 0x0000000800000000)
  region size 2048K, 4 young (8192K), 4 survivors (8192K)
 Metaspace       used 20781K, capacity 21227K, committed 21296K, reserved 1069056K
  class space    used 2221K, capacity 2428K, committed 2432K, reserved 1048576K
}
Event: 2.081 GC heap before
{Heap before GC invocations=3 (full 0):
 garbage-first heap   total 522240K, used 60061K [0x0000000603e00000, 0x0000000800000000)
  region size 2048K, 29 young (59392K), 4 survivors (8192K)
 Metaspace       used 26485K, capacity 27121K, committed 27312K, reserved 1073152K
  class space    used 2949K, capacity 3214K, committed 3328K, reserved 1048576K
}
Event: 2.087 GC heap after
{Heap after GC invocations=4 (full 0):
 garbage-first heap   total 522240K, used 12048K [0x0000000603e00000, 0x0000000800000000)
  region size 2048K, 3 young (6144K), 3 survivors (6144K)
 Metaspace       used 26485K, capacity 27121K, committed 27312K, reserved 1073152K
  class space    used 2949K, capacity 3214K, committed 3328K, reserved 1048576K
}
Event: 3.733 GC heap before
{Heap before GC invocations=4 (full 0):
 garbage-first heap   total 522240K, used 81680K [0x0000000603e00000, 0x0000000800000000)
  region size 2048K, 38 young (77824K), 3 survivors (6144K)
 Metaspace       used 34866K, capacity 35790K, committed 35888K, reserved 1081344K
  class space    used 4019K, capacity 4408K, committed 4480K, reserved 1048576K
}
Event: 3.740 GC heap after
{Heap after GC invocations=5 (full 0):
 garbage-first heap   total 522240K, used 15403K [0x0000000603e00000, 0x0000000800000000)
  region size 2048K, 4 young (8192K), 4 survivors (8192K)
 Metaspace       used 34866K, capacity 35790K, committed 35888K, reserved 1081344K
  class space    used 4019K, capacity 4408K, committed 4480K, reserved 1048576K
}
Event: 6.348 GC heap before
{Heap before GC invocations=6 (full 0):
 garbage-first heap   total 522240K, used 228395K [0x0000000603e00000, 0x0000000800000000)
  region size 2048K, 108 young (221184K), 4 survivors (8192K)
 Metaspace       used 54055K, capacity 55695K, committed 55984K, reserved 1097728K
  class space    used 6381K, capacity 7073K, committed 7168K, reserved 1048576K
}
Event: 6.368 GC heap after
{Heap after GC invocations=7 (full 0):
 garbage-first heap   total 522240K, used 33667K [0x0000000603e00000, 0x0000000800000000)
  region size 2048K, 13 young (26624K), 13 survivors (26624K)
 Metaspace       used 54055K, capacity 55695K, committed 55984K, reserved 1097728K
  class space    used 6381K, capacity 7073K, committed 7168K, reserved 1048576K
}

